<?xml version="1.0" encoding="UTF-8"?>
<!-- Generated by org.testng.reporters.JUnitReportReporter -->
<testsuite hostname="DESKTOP-V8LHLF6" failures="0" tests="2" name="rahulshettyacademy.StandAloneTest" time="57.994" errors="0" timestamp="2024-09-02T17:37:54 IST" skipped="0">
  <testcase classname="rahulshettyacademy.StandAloneTest" name="ordersTest" time="19.059"/>
  <testcase classname="rahulshettyacademy.StandAloneTest" name="submitOrder" time="38.935"/>
</testsuite> <!-- rahulshettyacademy.StandAloneTest -->
