<?xml version="1.0" encoding="UTF-8"?>
<!-- Generated by org.testng.reporters.JUnitReportReporter -->
<testsuite hostname="DESKTOP-V8LHLF6" failures="0" tests="2" name="rahulshettyacademy.TestSubmitOrder" time="50.144" errors="0" timestamp="2024-08-31T11:27:09 IST" skipped="0">
  <testcase classname="rahulshettyacademy.TestSubmitOrder" name="submitOrder" time="25.260"/>
  <testcase classname="rahulshettyacademy.TestSubmitOrder" name="submitOrder" time="24.884"/>
</testsuite> <!-- rahulshettyacademy.TestSubmitOrder -->
