<?xml version="1.0" encoding="UTF-8"?>
<!-- Generated by org.testng.reporters.JUnitReportReporter -->
<testsuite hostname="DESKTOP-V8LHLF6" failures="0" tests="1" name="rahulshettyacademy.ErrorValidation" time="14.917" errors="0" timestamp="2024-09-01T11:48:14 IST" skipped="0">
  <testcase classname="rahulshettyacademy.ErrorValidation" name="ErrorValidationTest" time="14.917"/>
</testsuite> <!-- rahulshettyacademy.ErrorValidation -->
