<?xml version="1.0" encoding="UTF-8"?>
<!-- Generated by org.testng.reporters.JUnitReportReporter -->
<testsuite hostname="DESKTOP-V8LHLF6" failures="0" tests="2" name="rahulshettyacademy.StandAloneTest" time="40.984" errors="0" timestamp="2024-09-03T18:07:31 IST" skipped="0">
  <testcase classname="rahulshettyacademy.StandAloneTest" name="submitOrder" time="31.493"/>
  <testcase classname="rahulshettyacademy.StandAloneTest" name="ordersTest" time="9.491"/>
</testsuite> <!-- rahulshettyacademy.StandAloneTest -->
